[debug] [2021-06-13T15:58:06.988Z] ----------------------------------------------------------------------
[debug] [2021-06-13T15:58:06.998Z] Command:       C:\Program Files (x86)\nodejs\node.exe C:\Users\Aditya Parihar\AppData\Roaming\npm\node_modules\firebase-tools\lib\bin\firebase.js emulators:start
[debug] [2021-06-13T15:58:07.000Z] CLI Version:   9.12.1
[debug] [2021-06-13T15:58:07.000Z] Platform:      win32
[debug] [2021-06-13T15:58:07.000Z] Node Version:  v14.16.1
[debug] [2021-06-13T15:58:07.005Z] Time:          Sun Jun 13 2021 21:28:07 GMT+0530 (India Standard Time)
[debug] [2021-06-13T15:58:07.006Z] ----------------------------------------------------------------------
[debug] 
[debug] [2021-06-13T15:58:07.065Z] > command requires scopes: ["email","openid","https://www.googleapis.com/auth/cloudplatformprojects.readonly","https://www.googleapis.com/auth/firebase","https://www.googleapis.com/auth/cloud-platform"]
[debug] [2021-06-13T15:58:07.066Z] > authorizing via signed-in user (adiparihar009@gmail.com)
[info] i  emulators: Starting emulators: functions, hosting {"metadata":{"emulator":{"name":"hub"},"message":"Starting emulators: functions, hosting"}}
[debug] [2021-06-13T15:58:07.120Z] [hub] writing locator at C:\Users\ADITYA~1\AppData\Local\Temp\hub-clone-fccf1.json
[warn] !  functions: The following emulators are not running, calls to these services from the Functions emulator will affect production: auth, firestore, database, pubsub, storage {"metadata":{"emulator":{"name":"functions"},"message":"The following emulators are not running, calls to these services from the Functions emulator will affect production: \u001b[1mauth, firestore, database, pubsub, storage\u001b[22m"}}
[info] +  functions: Using node@14 from host. {"metadata":{"emulator":{"name":"functions"},"message":"Using node@14 from host."}}
[debug] [2021-06-13T15:58:07.190Z] defaultcredentials: writing to file C:\Users\Aditya Parihar\AppData\Roaming\firebase\adiparihar009_gmail_com_application_default_credentials.json
[debug] [2021-06-13T15:58:07.193Z] Setting GAC to C:\Users\Aditya Parihar\AppData\Roaming\firebase\adiparihar009_gmail_com_application_default_credentials.json {"metadata":{"emulator":{"name":"functions"},"message":"Setting GAC to C:\\Users\\Aditya Parihar\\AppData\\Roaming\\firebase\\adiparihar009_gmail_com_application_default_credentials.json"}}
[debug] [2021-06-13T15:58:07.196Z] > refreshing access token with scopes: []
[debug] [2021-06-13T15:58:07.197Z] >>> HTTP REQUEST POST https://www.googleapis.com/oauth2/v3/token  
 <request body omitted>
[debug] [2021-06-13T15:58:07.405Z] <<< HTTP RESPONSE 200 {"expires":"Mon, 01 Jan 1990 00:00:00 GMT","cache-control":"no-cache, no-store, max-age=0, must-revalidate","date":"Sun, 13 Jun 2021 15:58:07 GMT","pragma":"no-cache","content-type":"application/json; charset=utf-8","vary":"X-Origin, Referer, Origin,Accept-Encoding","server":"scaffolding on HTTPServer2","x-xss-protection":"0","x-frame-options":"SAMEORIGIN","x-content-type-options":"nosniff","alt-svc":"h3=\":443\"; ma=2592000,h3-29=\":443\"; ma=2592000,h3-T051=\":443\"; ma=2592000,h3-Q050=\":443\"; ma=2592000,h3-Q046=\":443\"; ma=2592000,h3-Q043=\":443\"; ma=2592000,quic=\":443\"; ma=2592000; v=\"46,43\"","accept-ranges":"none","transfer-encoding":"chunked"}
[debug] [2021-06-13T15:58:07.537Z] >>> [apiv2][query] GET https://firebase.googleapis.com/v1beta1/projects/clone-fccf1/adminSdkConfig [none]
[debug] [2021-06-13T15:58:08.383Z] <<< [apiv2][status] GET https://firebase.googleapis.com/v1beta1/projects/clone-fccf1/adminSdkConfig 200
[debug] [2021-06-13T15:58:08.383Z] <<< [apiv2][body] GET https://firebase.googleapis.com/v1beta1/projects/clone-fccf1/adminSdkConfig {"projectId":"clone-fccf1","storageBucket":"clone-fccf1.appspot.com"}
[debug] [2021-06-13T15:58:08.476Z] >>> [apiv2][query] GET https://firebasehosting.googleapis.com/v1beta1/projects/clone-fccf1/sites 
[debug] [2021-06-13T15:58:10.069Z] <<< [apiv2][status] GET https://firebasehosting.googleapis.com/v1beta1/projects/clone-fccf1/sites 200
[debug] [2021-06-13T15:58:10.070Z] <<< [apiv2][body] GET https://firebasehosting.googleapis.com/v1beta1/projects/clone-fccf1/sites {"sites":[{"name":"projects/932101055791/sites/clone-fccf1","defaultUrl":"https://clone-fccf1.web.app","appId":"1:932101055791:web:2d327e26dfecec6df2adda","type":"DEFAULT_SITE"}]}
[debug] [2021-06-13T15:58:10.071Z] >>> [apiv2][query] GET https://firebase.googleapis.com/v1beta1/projects/clone-fccf1/webApps/1:932101055791:web:2d327e26dfecec6df2adda/config [none]
[debug] [2021-06-13T15:58:11.547Z] <<< [apiv2][status] GET https://firebase.googleapis.com/v1beta1/projects/clone-fccf1/webApps/1:932101055791:web:2d327e26dfecec6df2adda/config 200
[debug] [2021-06-13T15:58:11.548Z] <<< [apiv2][body] GET https://firebase.googleapis.com/v1beta1/projects/clone-fccf1/webApps/1:932101055791:web:2d327e26dfecec6df2adda/config {"projectId":"clone-fccf1","appId":"1:932101055791:web:2d327e26dfecec6df2adda","storageBucket":"clone-fccf1.appspot.com","apiKey":"AIzaSyBFWbveBkflxUyGd7go1ZSzhjq0Htyl7ZY","authDomain":"clone-fccf1.firebaseapp.com","messagingSenderId":"932101055791","measurementId":"G-P780VG8CES"}
[info] i  hosting: Serving hosting files from: build {"metadata":{"emulator":{"name":"hosting"},"message":"Serving hosting files from: \u001b[1mbuild\u001b[22m"}}
[info] +  hosting: Local server: http://localhost:5000 {"metadata":{"emulator":{"name":"hosting"},"message":"Local server: \u001b[4m\u001b[1mhttp://localhost:5000\u001b[22m\u001b[24m"}}
[debug] [2021-06-13T15:58:12.010Z] Ignoring unsupported arg: auto_download {"metadata":{"emulator":{"name":"ui"},"message":"Ignoring unsupported arg: auto_download"}}
[debug] [2021-06-13T15:58:12.010Z] Ignoring unsupported arg: port {"metadata":{"emulator":{"name":"ui"},"message":"Ignoring unsupported arg: port"}}
[debug] [2021-06-13T15:58:12.010Z] Starting Emulator UI with command {"binary":"node","args":["C:\\Users\\Aditya Parihar\\.cache\\firebase\\emulators\\ui-v1.5.0\\server.bundle.js"],"optionalArgs":[],"joinArgs":false} {"metadata":{"emulator":{"name":"ui"},"message":"Starting Emulator UI with command {\"binary\":\"node\",\"args\":[\"C:\\\\Users\\\\Aditya Parihar\\\\.cache\\\\firebase\\\\emulators\\\\ui-v1.5.0\\\\server.bundle.js\"],\"optionalArgs\":[],\"joinArgs\":false}"}}
[info] i  ui: Emulator UI logging to ui-debug.log {"metadata":{"emulator":{"name":"ui"},"message":"Emulator UI logging to \u001b[1mui-debug.log\u001b[22m"}}
[debug] [2021-06-13T15:58:18.893Z] Web / API server started at http://localhost:4000
 {"metadata":{"emulator":{"name":"ui"},"message":"Web / API server started at http://localhost:4000\n"}}
[info] i  functions: Watching "C:\Users\Aditya Parihar\OneDrive\Desktop\rjs\amazon-clone\functions" for Cloud Functions... {"metadata":{"emulator":{"name":"functions"},"message":"Watching \"C:\\Users\\Aditya Parihar\\OneDrive\\Desktop\\rjs\\amazon-clone\\functions\" for Cloud Functions..."}}
[debug] [2021-06-13T15:58:21.849Z] [worker-pool] addWorker(~diagnostic~) {"metadata":{"emulator":{"name":"functions"},"message":"[worker-pool] addWorker(~diagnostic~)"}}
[debug] [2021-06-13T15:58:21.850Z] [worker-pool] Adding worker with key ~diagnostic~, total=1 {"metadata":{"emulator":{"name":"functions"},"message":"[worker-pool] Adding worker with key ~diagnostic~, total=1"}}
[debug] [2021-06-13T15:58:21.851Z] [worker-pool] submitWork(triggerId=) {"metadata":{"emulator":{"name":"functions"},"message":"[worker-pool] submitWork(triggerId=)"}}
[debug] [2021-06-13T15:58:21.852Z] [worker-~diagnostic~-13493f33-338b-4d51-acf7-3e1191adccff]: Assigning socketPath: \\?\pipe\C:\Users\Aditya Parihar\OneDrive\Desktop\rjs\amazon-clone\functions\29956 {"metadata":{"emulator":{"name":"functions"},"message":"[worker-~diagnostic~-13493f33-338b-4d51-acf7-3e1191adccff]: Assigning socketPath: \\\\?\\pipe\\C:\\Users\\Aditya Parihar\\OneDrive\\Desktop\\rjs\\amazon-clone\\functions\\29956"}}
[debug] [2021-06-13T15:58:21.853Z] [worker-~diagnostic~-13493f33-338b-4d51-acf7-3e1191adccff]: BUSY {"metadata":{"emulator":{"name":"functions"},"message":"[worker-~diagnostic~-13493f33-338b-4d51-acf7-3e1191adccff]: BUSY"}}
[debug] [2021-06-13T15:58:22.481Z] [runtime-status] [29956] Functions runtime initialized. {"cwd":"C:\\Users\\Aditya Parihar\\OneDrive\\Desktop\\rjs\\amazon-clone\\functions","node_version":"14.16.1"} {"metadata":{"emulator":{"name":"functions"},"message":"[runtime-status] [29956] Functions runtime initialized. {\"cwd\":\"C:\\\\Users\\\\Aditya Parihar\\\\OneDrive\\\\Desktop\\\\rjs\\\\amazon-clone\\\\functions\",\"node_version\":\"14.16.1\"}"}}
[debug] [2021-06-13T15:58:22.481Z] [runtime-status] [29956] Disabled runtime features: undefined {"metadata":{"emulator":{"name":"functions"},"message":"[runtime-status] [29956] Disabled runtime features: undefined"}}
[debug] [2021-06-13T15:58:22.486Z] [runtime-status] [29956] Resolved module firebase-admin {"declared":true,"installed":true,"version":"9.9.0","resolution":"C:\\Users\\Aditya Parihar\\OneDrive\\Desktop\\rjs\\amazon-clone\\functions\\node_modules\\firebase-admin\\lib\\index.js"} {"metadata":{"emulator":{"name":"functions"},"message":"[runtime-status] [29956] Resolved module firebase-admin {\"declared\":true,\"installed\":true,\"version\":\"9.9.0\",\"resolution\":\"C:\\\\Users\\\\Aditya Parihar\\\\OneDrive\\\\Desktop\\\\rjs\\\\amazon-clone\\\\functions\\\\node_modules\\\\firebase-admin\\\\lib\\\\index.js\"}"}}
[debug] [2021-06-13T15:58:22.489Z] [runtime-status] [29956] Resolved module firebase-functions {"declared":true,"installed":true,"version":"3.14.1","resolution":"C:\\Users\\Aditya Parihar\\OneDrive\\Desktop\\rjs\\amazon-clone\\functions\\node_modules\\firebase-functions\\lib\\index.js"} {"metadata":{"emulator":{"name":"functions"},"message":"[runtime-status] [29956] Resolved module firebase-functions {\"declared\":true,\"installed\":true,\"version\":\"3.14.1\",\"resolution\":\"C:\\\\Users\\\\Aditya Parihar\\\\OneDrive\\\\Desktop\\\\rjs\\\\amazon-clone\\\\functions\\\\node_modules\\\\firebase-functions\\\\lib\\\\index.js\"}"}}
[debug] [2021-06-13T15:58:22.492Z] [runtime-status] [29956] Resolved module firebase-functions {"declared":true,"installed":true,"version":"3.14.1","resolution":"C:\\Users\\Aditya Parihar\\OneDrive\\Desktop\\rjs\\amazon-clone\\functions\\node_modules\\firebase-functions\\lib\\index.js"} {"metadata":{"emulator":{"name":"functions"},"message":"[runtime-status] [29956] Resolved module firebase-functions {\"declared\":true,\"installed\":true,\"version\":\"3.14.1\",\"resolution\":\"C:\\\\Users\\\\Aditya Parihar\\\\OneDrive\\\\Desktop\\\\rjs\\\\amazon-clone\\\\functions\\\\node_modules\\\\firebase-functions\\\\lib\\\\index.js\"}"}}
[debug] [2021-06-13T15:58:22.495Z] [runtime-status] [29956] Outgoing network have been stubbed. [{"name":"http","status":"mocked"},{"name":"http","status":"mocked"},{"name":"https","status":"mocked"},{"name":"https","status":"mocked"},{"name":"net","status":"mocked"}] {"metadata":{"emulator":{"name":"functions"},"message":"[runtime-status] [29956] Outgoing network have been stubbed. [{\"name\":\"http\",\"status\":\"mocked\"},{\"name\":\"http\",\"status\":\"mocked\"},{\"name\":\"https\",\"status\":\"mocked\"},{\"name\":\"https\",\"status\":\"mocked\"},{\"name\":\"net\",\"status\":\"mocked\"}]"}}
[debug] [2021-06-13T15:58:22.496Z] [runtime-status] [29956] Resolved module firebase-functions {"declared":true,"installed":true,"version":"3.14.1","resolution":"C:\\Users\\Aditya Parihar\\OneDrive\\Desktop\\rjs\\amazon-clone\\functions\\node_modules\\firebase-functions\\lib\\index.js"} {"metadata":{"emulator":{"name":"functions"},"message":"[runtime-status] [29956] Resolved module firebase-functions {\"declared\":true,\"installed\":true,\"version\":\"3.14.1\",\"resolution\":\"C:\\\\Users\\\\Aditya Parihar\\\\OneDrive\\\\Desktop\\\\rjs\\\\amazon-clone\\\\functions\\\\node_modules\\\\firebase-functions\\\\lib\\\\index.js\"}"}}
[debug] [2021-06-13T15:58:22.573Z] [runtime-status] [29956] Checked functions.config() {"config":{}} {"metadata":{"emulator":{"name":"functions"},"message":"[runtime-status] [29956] Checked functions.config() {\"config\":{}}"}}
[debug] [2021-06-13T15:58:22.574Z] [runtime-status] [29956] firebase-functions has been stubbed. {"functionsResolution":{"declared":true,"installed":true,"version":"3.14.1","resolution":"C:\\Users\\Aditya Parihar\\OneDrive\\Desktop\\rjs\\amazon-clone\\functions\\node_modules\\firebase-functions\\lib\\index.js"}} {"metadata":{"emulator":{"name":"functions"},"message":"[runtime-status] [29956] firebase-functions has been stubbed. {\"functionsResolution\":{\"declared\":true,\"installed\":true,\"version\":\"3.14.1\",\"resolution\":\"C:\\\\Users\\\\Aditya Parihar\\\\OneDrive\\\\Desktop\\\\rjs\\\\amazon-clone\\\\functions\\\\node_modules\\\\firebase-functions\\\\lib\\\\index.js\"}}"}}
[debug] [2021-06-13T15:58:22.575Z] [runtime-status] [29956] Resolved module firebase-functions {"declared":true,"installed":true,"version":"3.14.1","resolution":"C:\\Users\\Aditya Parihar\\OneDrive\\Desktop\\rjs\\amazon-clone\\functions\\node_modules\\firebase-functions\\lib\\index.js"} {"metadata":{"emulator":{"name":"functions"},"message":"[runtime-status] [29956] Resolved module firebase-functions {\"declared\":true,\"installed\":true,\"version\":\"3.14.1\",\"resolution\":\"C:\\\\Users\\\\Aditya Parihar\\\\OneDrive\\\\Desktop\\\\rjs\\\\amazon-clone\\\\functions\\\\node_modules\\\\firebase-functions\\\\lib\\\\index.js\"}"}}
[debug] [2021-06-13T15:58:22.576Z] [runtime-status] [29956] Resolved module firebase-admin {"declared":true,"installed":true,"version":"9.9.0","resolution":"C:\\Users\\Aditya Parihar\\OneDrive\\Desktop\\rjs\\amazon-clone\\functions\\node_modules\\firebase-admin\\lib\\index.js"} {"metadata":{"emulator":{"name":"functions"},"message":"[runtime-status] [29956] Resolved module firebase-admin {\"declared\":true,\"installed\":true,\"version\":\"9.9.0\",\"resolution\":\"C:\\\\Users\\\\Aditya Parihar\\\\OneDrive\\\\Desktop\\\\rjs\\\\amazon-clone\\\\functions\\\\node_modules\\\\firebase-admin\\\\lib\\\\index.js\"}"}}
[debug] [2021-06-13T15:58:22.577Z] [runtime-status] [29956] Resolved module firebase-functions {"declared":true,"installed":true,"version":"3.14.1","resolution":"C:\\Users\\Aditya Parihar\\OneDrive\\Desktop\\rjs\\amazon-clone\\functions\\node_modules\\firebase-functions\\lib\\index.js"} {"metadata":{"emulator":{"name":"functions"},"message":"[runtime-status] [29956] Resolved module firebase-functions {\"declared\":true,\"installed\":true,\"version\":\"3.14.1\",\"resolution\":\"C:\\\\Users\\\\Aditya Parihar\\\\OneDrive\\\\Desktop\\\\rjs\\\\amazon-clone\\\\functions\\\\node_modules\\\\firebase-functions\\\\lib\\\\index.js\"}"}}
[debug] [2021-06-13T15:58:22.578Z] [runtime-status] [29956] firebase-admin has been stubbed. {"adminResolution":{"declared":true,"installed":true,"version":"9.9.0","resolution":"C:\\Users\\Aditya Parihar\\OneDrive\\Desktop\\rjs\\amazon-clone\\functions\\node_modules\\firebase-admin\\lib\\index.js"}} {"metadata":{"emulator":{"name":"functions"},"message":"[runtime-status] [29956] firebase-admin has been stubbed. {\"adminResolution\":{\"declared\":true,\"installed\":true,\"version\":\"9.9.0\",\"resolution\":\"C:\\\\Users\\\\Aditya Parihar\\\\OneDrive\\\\Desktop\\\\rjs\\\\amazon-clone\\\\functions\\\\node_modules\\\\firebase-admin\\\\lib\\\\index.js\"}}"}}
[info] +  functions[us-central1-api]: http function initialized (http://localhost:5001/clone-fccf1/us-central1/api). {"metadata":{"emulator":{"name":"functions"},"message":"\u001b[1mhttp\u001b[22m function initialized (http://localhost:5001/clone-fccf1/us-central1/api)."}}
[info] 
┌─────────────────────────────────────────────────────────────┐
│ ✔  All emulators ready! It is now safe to connect your app. │
│ i  View Emulator UI at http://localhost:4000                │
└─────────────────────────────────────────────────────────────┘

┌───────────┬────────────────┬─────────────────────────────────┐
│ Emulator  │ Host:Port      │ View in Emulator UI             │
├───────────┼────────────────┼─────────────────────────────────┤
│ Functions │ localhost:5001 │ http://localhost:4000/functions │
├───────────┼────────────────┼─────────────────────────────────┤
│ Hosting   │ localhost:5000 │ n/a                             │
└───────────┴────────────────┴─────────────────────────────────┘
  Emulator Hub running at localhost:4400
  Other reserved ports: 4500

Issues? Report them at https://github.com/firebase/firebase-tools/issues and attach the *-debug.log files.
 
[debug] [2021-06-13T15:58:22.909Z] [worker-~diagnostic~-13493f33-338b-4d51-acf7-3e1191adccff]: IDLE {"metadata":{"emulator":{"name":"functions"},"message":"[worker-~diagnostic~-13493f33-338b-4d51-acf7-3e1191adccff]: IDLE"}}
